<?xml version="1.0" encoding="UTF-8"?>
<!-- Generated by org.testng.reporters.JUnitReportReporter -->
<testsuite hostname="SanMai-PC" failures="0" tests="3" name="practise.DataProviderEx3" time="0.024" errors="0" timestamp="2023-12-04T18:02:10 IST" skipped="0">
  <testcase classname="practise.DataProviderEx3" name="bookTickets" time="0.003"/>
  <system-out/>
  <testcase classname="practise.DataProviderEx3" name="bookTickets" time="0.019"/>
  <system-out/>
  <testcase classname="practise.DataProviderEx3" name="bookTickets" time="0.002"/>
  <system-out/>
</testsuite> <!-- practise.DataProviderEx3 -->
