<?xml version="1.0" encoding="UTF-8"?>
<!-- Generated by org.testng.reporters.JUnitReportReporter -->
<testsuite hostname="SanMai-PC" failures="0" tests="1" name="practise.ClassWorkDataProvider" time="10.717" errors="0" timestamp="2023-11-30T12:18:16 IST" skipped="0">
  <testcase classname="practise.ClassWorkDataProvider" name="m1" time="10.717"/>
  <system-out/>
</testsuite> <!-- practise.ClassWorkDataProvider -->
