<?xml version="1.0" encoding="UTF-8"?>
<!-- Generated by org.testng.reporters.JUnitReportReporter -->
<testsuite hostname="SanMai-PC" failures="0" tests="2" name="practise.DataProviderEx1" time="0.029" errors="0" timestamp="2023-12-04T17:07:45 IST" skipped="0">
  <testcase classname="practise.DataProviderEx1" name="bookTickets" time="0.002"/>
  <system-out/>
  <testcase classname="practise.DataProviderEx1" name="bookTickets" time="0.027"/>
  <system-out/>
</testsuite> <!-- practise.DataProviderEx1 -->
