<?xml version="1.0" encoding="UTF-8"?>
<!-- Generated by org.testng.reporters.JUnitReportReporter -->
<testsuite hostname="SanMai-PC" failures="0" tests="2" name="practise.TestNGFirstRun" time="0.024" errors="0" timestamp="2023-11-27T08:28:53 CET" skipped="0">
  <testcase classname="practise.TestNGFirstRun" name="CreateProduct" time="0.019"/>
  <system-out/>
  <testcase classname="practise.TestNGFirstRun" name="modifyProduct" time="0.005"/>
  <system-out/>
</testsuite> <!-- practise.TestNGFirstRun -->
